<?xml version="1.0" encoding="UTF-8"?>
<Site BuildName="(empty)"
	BuildStamp="20231225-1211-Experimental"
	Name="(empty)"
	Generator="ctest-3.22.1"
	CompilerName=""
	CompilerVersion=""
	OSName="Linux"
	Hostname="35aa94a5e01d"
	OSRelease="5.15.0-78-generic"
	OSVersion="#85-Ubuntu SMP Fri Jul 7 15:25:09 UTC 2023"
	OSPlatform="x86_64"
	Is64Bits="1"
	VendorString="GenuineIntel"
	VendorID="Intel Corporation"
	FamilyID="6"
	ModelID="61"
	ProcessorCacheSize="4096"
	NumberOfLogicalCPU="4"
	NumberOfPhysicalCPU="2"
	TotalVirtualMemory="4095"
	TotalPhysicalMemory="7805"
	LogicalProcessorsPerPhysical="2"
	ProcessorClockFrequency="2918.83"
	>
	<Testing>
		<StartDateTime>Dec 25 19:00 UTC</StartDateTime>
		<StartTestTime>1703530801</StartTestTime>
		<TestList/>
		<EndDateTime>Dec 25 19:00 UTC</EndDateTime>
		<EndTestTime>1703530801</EndTestTime>
		<ElapsedMinutes>0</ElapsedMinutes>
	</Testing>
</Site>
